{
  "stats": {
    "suites": 1,
    "tests": 1,
    "passes": 1,
    "pending": 0,
    "failures": 0,
    "start": "2024-05-03T09:26:23.666Z",
    "end": "2024-05-03T09:26:56.607Z",
    "duration": 32941,
    "testsRegistered": 1,
    "passPercent": 100,
    "pendingPercent": 0,
    "other": 0,
    "hasOther": false,
    "skipped": 0,
    "hasSkipped": false
  },
  "results": [
    {
      "uuid": "03326800-9ac3-47f6-a32b-b696f19b3cc1",
      "title": "",
      "fullFile": "cypress/e2e/testcases/login_tests.cy.js",
      "file": "cypress/e2e/testcases/login_tests.cy.js",
      "beforeHooks": [],
      "afterHooks": [],
      "tests": [],
      "suites": [
        {
          "uuid": "e74d0588-a650-451f-9b38-49e58c3b7f82",
          "title": "Login testing",
          "fullFile": "",
          "file": "",
          "beforeHooks": [],
          "afterHooks": [],
          "tests": [
            {
              "title": "Verifying login page",
              "fullTitle": "Login testing Verifying login page",
              "timedOut": null,
              "duration": 32853,
              "state": "passed",
              "speed": "slow",
              "pass": true,
              "fail": false,
              "pending": false,
              "context": null,
              "code": "const lgn = new _login_elemennts.default();\nlgn.login('usernname', 'password');\nlgn.submit();",
              "err": {},
              "uuid": "3045354f-69f5-4877-bb4e-8764a70072fe",
              "parentUUID": "e74d0588-a650-451f-9b38-49e58c3b7f82",
              "isHook": false,
              "skipped": false
            }
          ],
          "suites": [],
          "passes": [
            "3045354f-69f5-4877-bb4e-8764a70072fe"
          ],
          "failures": [],
          "pending": [],
          "skipped": [],
          "duration": 32853,
          "root": false,
          "rootEmpty": false,
          "_timeout": 2000
        }
      ],
      "passes": [],
      "failures": [],
      "pending": [],
      "skipped": [],
      "duration": 0,
      "root": true,
      "rootEmpty": true,
      "_timeout": 2000
    }
  ],
  "meta": {
    "mocha": {
      "version": "7.0.1"
    },
    "mochawesome": {
      "options": {
        "quiet": false,
        "reportFilename": "mochawesome",
        "saveHtml": true,
        "saveJson": true,
        "consoleReporter": "spec",
        "useInlineDiffs": false,
        "code": true
      },
      "version": "7.1.3"
    },
    "marge": {
      "options": {
        "mochaFile": "results/myTestResults.html",
        "toConsole": true
      },
      "version": "6.2.0"
    }
  }
}